1,1;1,2
1,3;2,3
1,5;2,5
1,8;1,9
1,10;1,11
1,14;1,15
1,16;2,16
1,18
2,1;2,2
2,8
2,10;3,10
2,19;3,19
3,4;3,5
3,9
3,11;4,11
3,14
3,16;3,17
4,1;4,2
4,3;4,4
4,8;5,8
4,12;4,13
4,15;4,16
5,1;5,2
5,3;5,4
5,5;5,6
5,7
5,9
5,12;5,13
5,17;5,18
5,19;5,20
6,4;6,5
6,6;7,6
6,8
6,12;6,13
6,14;6,15
6,17;6,18
7,1;8,1
7,2;7,3
7,9;7,10
7,11
7,13
7,15;7,16
7,17;7,18
7,19;7,20
8,4;8,5
8,6;9,6
8,8;8,9
8,16;8,17
8,19;8,20
9,2;9,3
9,4;10,4
9,9;9,10
9,12;10,12
9,15;9,16
9,18;9,19
10,1;10,2
10,3;11,3
10,5;10,6
10,9;10,10
10,13;10,14
10,20;11,20
11,2
11,4;11,5
11,6;12,6
11,16;11,17
11,18;11,19
12,1;13,1
12,4;13,4
12,8;12,9
12,10
12,13;12,14
12,16;12,17
12,18;12,19
13,5;14,5
13,11;14,11
13,14;13,15
13,17;13,18
14,7;14,8
14,12;15,12
14,16;15,16
15,2;15,3
15,7;15,8
15,9;16,9
15,11;16,11
16,1;16,2
16,3
16,6
16,8;17,8
16,12;16,13
16,14;17,14
16,17
16,19;17,19
17,1;18,1
17,4
17,7;18,7
17,11
17,16
18,9;18,10
18,13;18,14
18,17
18,20
19,4;19,5
19,7
19,13;19,14
19,16;20,16
19,18;20,18
20,3;20,4
20,6
20,8
20,10
20,13
20,17
