1,1;2,1
1,4;2,4
1,5;1,6
1,9
1,11;2,11
1,14
1,17
1,21;2,21
1,23;1,24
1,25;1,26
1,27;1,28
1,31
1,34;1,35
1,38;2,38
1,40;1,41
1,44;1,45
1,48
1,50;2,50
1,52;1,53
1,54;1,55
1,57;1,58
1,61;1,62
1,64;2,64
1,66
1,69
1,71
1,74
1,76
1,79;2,79
1,80;1,81
1,82;2,82
1,83;1,84
1,86;1,87
1,89;1,90
1,91
1,94;1,95
1,96
1,100;2,100
2,2;2,3
2,7;2,8
2,10
2,13
2,16
2,19;2,20
2,22;3,22
2,26;2,27
2,28
2,35
2,37
2,40;3,40
2,42;3,42
2,44;2,45
2,46
2,49
2,51
2,58
2,60;2,61
2,62;2,63
2,70;3,70
2,72;2,73
2,86;3,86
2,88;2,89
2,97
2,99
3,2;3,3
3,12
3,14;3,15
3,17;3,18
3,19;3,20
3,23;4,23
3,25
3,27
3,30;3,31
3,32
3,34
3,38;4,38
3,47;3,48
3,50
3,52
3,54;3,55
3,60;3,61
3,62;3,63
3,64;4,64
3,68;3,69
3,73
3,76;3,77
3,78
3,80;3,81
3,82;3,83
3,84;4,84
3,87;3,88
3,89
3,92;3,93
3,95;3,96
3,100
4,3
4,5;4,6
4,8;4,9
4,13
4,15;4,16
4,20
4,24
4,26;5,26
4,35
4,39;5,39
4,42;4,43
4,45;4,46
4,48;5,48
4,51;5,51
4,53;4,54
4,55;4,56
4,58;5,58
4,63
4,66;5,66
4,68;4,69
4,70;4,71
4,74;4,75
4,79;5,79
4,82;4,83
4,86
4,90
4,92;4,93
4,94;4,95
4,96;4,97
5,2;6,2
5,4;6,4
5,9;5,10
5,12;6,12
5,14
5,16;6,16
5,18
5,21
5,31;5,32
5,33
5,41
5,44;5,45
5,46;5,47
5,50;6,50
5,52;5,53
5,55;6,55
5,61
5,64;6,64
5,68;6,68
5,73;5,74
5,75;6,75
5,77;5,78
5,80;5,81
5,83;6,83
5,84;5,85
5,88;5,89
5,94;6,94
5,95;5,96
6,1;7,1
6,5;6,6
6,7;6,8
6,11
6,17;7,17
6,22;6,23
6,24;7,24
6,27
6,29;7,29
6,32
6,34;6,35
6,40
6,43;6,44
6,46
6,48;7,48
6,52;7,52
6,54
6,62;6,63
6,66
6,69
6,72;6,73
6,74
6,76;6,77
6,78;6,79
6,82;7,82
6,88;7,88
6,91;6,92
6,93;7,93
6,95;7,95
6,98;6,99
7,3;8,3
7,6
7,12;8,12
7,14;7,15
7,16;8,16
7,19;7,20
7,23
7,25
7,28;8,28
7,30
7,33;7,34
7,37;7,38
7,39
7,43;7,44
7,45;8,45
7,50;8,50
7,53
7,55;7,56
7,57
7,60;7,61
7,62;7,63
7,64;7,65
7,67
7,71
7,79;7,80
7,81;8,81
7,83;8,83
7,85;7,86
7,87;8,87
7,90;7,91
7,99;7,100
8,2;9,2
8,4
8,8
8,10;8,11
8,14;8,15
8,20;9,20
8,21;8,22
8,24
8,31
8,36
8,38;9,38
8,41
8,47;8,48
8,49;9,49
8,52;9,52
8,56;9,56
8,68;8,69
8,70;9,70
8,74
8,76
8,78;9,78
8,80;9,80
8,82
8,89;9,89
8,93;8,94
8,97
8,99;9,99
9,1
9,3
9,5;10,5
9,7;10,7
9,11;9,12
9,13
9,22;9,23
9,27
9,30;10,30
9,32;9,33
9,35
9,39;9,40
9,42;9,43
9,44;9,45
9,48;10,48
9,54;9,55
9,57;9,58
9,64
9,66;10,66
9,72;9,73
9,75
9,77
9,79
9,81;10,81
9,83;10,83
9,85;9,86
9,87;9,88
9,91;10,91
9,93;10,93
9,95;9,96
9,100
10,8;11,8
10,10;10,11
10,12
10,14;11,14
10,17;10,18
10,19;11,19
10,20;11,20
10,21;10,22
10,26
10,28;10,29
10,31
10,33
10,36;11,36
10,39;10,40
10,42
10,44;11,44
10,46;10,47
10,49;10,50
10,51;10,52
10,53
10,55;10,56
10,58
10,63;11,63
10,72
10,74;11,74
10,82;11,82
10,86;10,87
10,89;10,90
10,92;11,92
10,96;11,96
10,98;10,99
11,1;12,1
11,4;11,5
11,9
11,15;11,16
11,17;12,17
11,23
11,27;11,28
11,32;12,32
11,35
11,38
11,47;11,48
11,50;12,50
11,54;11,55
11,67
11,70
11,75
11,79;11,80
11,83;11,84
11,85;11,86
11,88;11,89
11,91;12,91
11,97;11,98
11,100
12,2;12,3
12,4;12,5
12,8
12,12
12,14;12,15
12,16
12,18;12,19
12,20;13,20
12,21;12,22
12,25;13,25
12,27;13,27
12,30;12,31
12,36
12,39;12,40
12,41;13,41
12,48;13,48
12,55;12,56
12,59;12,60
12,61;12,62
12,65;12,66
12,76
12,79;12,80
12,81;12,82
12,87;12,88
12,89
12,93;12,94
12,99
13,1;13,2
13,9
13,32;14,32
13,33;13,34
13,35;14,35
13,37;14,37
13,39;14,39
13,42;14,42
13,46;13,47
13,49;14,49
13,51;13,52
13,54
13,56;13,57
13,59;14,59
13,61;14,61
13,63;14,63
13,66;14,66
13,68;14,68
13,71
13,74;14,74
13,82;13,83
13,84
13,86;14,86
13,88;14,88
13,91;13,92
13,100
14,4;14,5
14,7;15,7
14,10;14,11
14,13
14,16;14,17
14,18;15,18
14,20;14,21
14,22;14,23
14,25;15,25
14,26;14,27
14,28;14,29
14,33;15,33
14,38;15,38
14,40;14,41
14,46
14,48
14,51
14,53;15,53
14,55;15,55
14,56;14,57
14,58;15,58
14,60;15,60
14,64;14,65
14,67
14,70;15,70
14,72;14,73
14,76;14,77
14,78;15,78
14,80;15,80
14,82;14,83
14,85;15,85
14,89;14,90
14,91
14,93;14,94
14,95;14,96
14,99;15,99
15,2
15,5;16,5
15,8
15,10
15,12
15,16
15,20;15,21
15,23;15,24
15,27;15,28
15,31
15,34;16,34
15,36;15,37
15,41;15,42
15,43;16,43
15,47;16,47
15,59;16,59
15,61;15,62
15,63;16,63
15,64;15,65
15,69;16,69
15,72;15,73
15,74;16,74
15,77;16,77
15,84
15,88;15,89
15,90;16,90
15,93;16,93
15,95;15,96
15,98;16,98
15,100;16,100
16,1
16,3;16,4
16,6;16,7
16,11
16,13
16,15;17,15
16,17;17,17
16,19
16,21;16,22
16,23;16,24
16,28;16,29
16,30
16,32
16,36;17,36
16,39;16,40
16,42;17,42
16,44;16,45
16,51
16,54;16,55
16,60;16,61
16,64;17,64
16,65;16,66
16,67;16,68
16,72;17,72
16,75;16,76
16,78;16,79
16,80;16,81
16,82;16,83
16,86;16,87
16,88;16,89
16,94;16,95
16,96
16,99;17,99
17,2;17,3
17,4;18,4
17,6
17,10;18,10
17,12
17,18;18,18
17,21
17,23;18,23
17,25;17,26
17,28;17,29
17,31
17,33
17,37;17,38
17,40;17,41
17,44;17,45
17,52;17,53
17,55;17,56
17,57;17,58
17,59;18,59
17,62
17,65;18,65
17,69;17,70
17,71;18,71
17,73;17,74
17,75;17,76
17,77;18,77
17,80;17,81
17,84;17,85
17,86;18,86
17,87;17,88
17,91
17,97
18,1;18,2
18,5
18,11;19,11
18,14;19,14
18,16;18,17
18,20
18,22;19,22
18,24
18,27;19,27
18,29;18,30
18,32;19,32
18,35;18,36
18,39;18,40
18,42
18,44
18,46;18,47
18,48;19,48
18,50;18,51
18,53;18,54
18,56;18,57
18,58
18,60;18,61
18,63;19,63
18,68;19,68
18,69;18,70
18,73;18,74
18,75;19,75
18,80
18,84;18,85
18,92;18,93
18,94
18,96;19,96
18,98;18,99
19,7;19,8
19,9
19,12;19,13
19,15
19,18;20,18
19,21;20,21
19,25;19,26
19,28;20,28
19,33;19,34
19,35;19,36
19,37;19,38
19,45;20,45
19,49;19,50
19,51;20,51
19,56;19,57
19,62;20,62
19,64;20,64
19,65;19,66
19,70;19,71
19,72;20,72
19,73;19,74
19,78;20,78
19,81;19,82
19,84
19,86;20,86
19,87;19,88
19,91
19,97;19,98
19,100;20,100
20,1;21,1
20,6;20,7
20,10;20,11
20,12;20,13
20,17;21,17
20,20
20,22
20,24
20,26;21,26
20,29;21,29
20,33
20,35;21,35
20,37;20,38
20,39
20,41
20,43;20,44
20,47
20,50
20,52;20,53
20,55;20,56
20,61
20,63;21,63
20,67;20,68
20,71;21,71
20,76;20,77
20,79;20,80
20,83;21,83
20,88;20,89
20,90
20,93;20,94
20,96;20,97
20,98;20,99
21,3;21,4
21,5;21,6
21,7;21,8
21,12;22,12
21,16
21,18;21,19
21,30
21,32;22,32
21,34
21,36;21,37
21,38
21,42;21,43
21,44;21,45
21,51
21,53
21,55;21,56
21,58;21,59
21,60
21,64;21,65
21,66;22,66
21,68;21,69
21,75;21,76
21,77;21,78
21,79;21,80
21,82
21,84
21,87;21,88
21,89
21,93;22,93
21,96;21,97
21,98;21,99
22,2;22,3
22,4;23,4
22,7;23,7
22,8;22,9
22,10;22,11
22,18;23,18
22,20;23,20
22,22;22,23
22,26;23,26
22,29;23,29
22,31
22,37;23,37
22,39;22,40
22,42;22,43
22,45
22,48
22,54;23,54
22,57;22,58
22,61;22,62
22,67
22,70;22,71
22,74;22,75
22,78;22,79
22,80
22,85;22,86
22,87;22,88
22,90;22,91
22,92;23,92
22,96
22,98;23,98
23,1;23,2
23,3
23,6;24,6
23,8;24,8
23,9;23,10
23,11;24,11
23,13
23,16;23,17
23,19
23,25;24,25
23,27
23,30;24,30
23,32;23,33
23,34;23,35
23,38;23,39
23,40
23,42;23,43
23,44
23,50;23,51
23,56;24,56
23,59;23,60
23,66
23,73;23,74
23,76;23,77
23,78;23,79
23,81;23,82
23,83;23,84
23,86;23,87
23,89;24,89
23,93;24,93
23,95;24,95
23,97;24,97
24,1;24,2
24,14;24,15
24,16;24,17
24,18;25,18
24,21;25,21
24,32
24,34
24,36
24,38;24,39
24,41;24,42
24,45
24,47;24,48
24,49;24,50
24,51;24,52
24,58
24,63
24,65
24,67;24,68
24,70;24,71
24,72
24,76;24,77
24,78;25,78
24,81;24,82
24,83;24,84
24,85;25,85
24,90;24,91
24,92
24,98;24,99
24,100;25,100
25,3;25,4
25,5;25,6
25,7;25,8
25,11;25,12
25,14;25,15
25,19
25,22;25,23
25,28;26,28
25,29;25,30
25,35
25,37
25,40;25,41
25,42
25,48;25,49
25,51;26,51
25,53
25,57;26,57
25,59;25,60
25,61
25,64
25,66;25,67
25,68;25,69
25,74;26,74
25,76;26,76
25,79
25,83;25,84
25,89;26,89
25,95;26,95
25,98;25,99
26,2;26,3
26,5;27,5
26,6;26,7
26,8;27,8
26,9;26,10
26,12;26,13
26,15;26,16
26,20
26,23;27,23
26,26;26,27
26,29;27,29
26,30;26,31
26,32;27,32
26,34
26,36
26,38
26,41;27,41
26,45;27,45
26,47
26,49;26,50
26,52
26,59;27,59
26,62;26,63
26,65
26,67;26,68
26,71;26,72
26,80;26,81
26,84
26,87;26,88
26,90
26,94;27,94
26,96;26,97
26,98
27,3;27,4
27,6;28,6
27,11;27,12
27,17;28,17
27,25
27,27;27,28
27,35;28,35
27,43
27,46;28,46
27,48
27,50;27,51
27,53;27,54
27,55;28,55
27,57;27,58
27,60;27,61
27,62;28,62
27,64
27,66;27,67
27,68
27,70;27,71
27,72;27,73
27,77;28,77
27,79;28,79
27,82
27,85;27,86
27,92
27,99
28,4;28,5
28,11
28,14;28,15
28,16;29,16
28,18
28,20;29,20
28,22;28,23
28,26;29,26
28,27;28,28
28,29;28,30
28,31;29,31
28,32;28,33
28,39
28,41;29,41
28,50;28,51
28,53;28,54
28,56;28,57
28,58
28,60;28,61
28,69;29,69
28,71;28,72
28,73
28,76;29,76
28,78;29,78
28,80;28,81
28,84;28,85
28,86
28,96;29,96
28,100
29,1
29,7;30,7
29,10;30,10
29,21;30,21
29,25;30,25
29,30;30,30
29,34;30,34
29,36;29,37
29,38
29,46;29,47
29,48
29,54;29,55
29,56;29,57
29,59;29,60
29,61;29,62
29,63;30,63
29,67
29,79;29,80
29,81;30,81
29,83;30,83
29,85;30,85
29,88;29,89
29,91;30,91
29,93;29,94
29,97;29,98
30,2;30,3
30,8
30,11;30,12
30,16
30,18
30,23;30,24
30,26;30,27
30,31;30,32
30,35;30,36
30,40;30,41
30,44;30,45
30,50;30,51
30,52;31,52
30,53;30,54
30,58;30,59
30,61;31,61
30,65;31,65
30,69;30,70
30,72;30,73
30,75;31,75
30,76;30,77
30,79
30,84
30,86;30,87
30,88;30,89
30,90;31,90
30,92;30,93
30,94
30,96;31,96
30,98;30,99
31,4;31,5
31,14;31,15
31,19;32,19
31,21;31,22
31,24;31,25
31,35;31,36
31,37;31,38
31,39;32,39
31,41
31,43
31,45
31,48;31,49
31,56
31,60;32,60
31,63;32,63
31,67;32,67
31,70;31,71
31,72;31,73
31,74;32,74
31,76
31,78;32,78
31,80;31,81
31,82;32,82
31,87;32,87
31,89
31,91
31,95;32,95
31,97
32,1
32,3
32,5
32,7;32,8
32,10;33,10
32,12;32,13
32,16;32,17
32,21;32,22
32,23;32,24
32,28;33,28
32,30;33,30
32,35;32,36
32,37;32,38
32,48;32,49
32,50;32,51
32,53;32,54
32,57;32,58
32,62;33,62
32,70
32,72;32,73
32,80;33,80
32,84
32,92;32,93
32,100;33,100
33,7;33,8
33,12;34,12
33,14;34,14
33,16;33,17
33,19;34,19
33,21;34,21
33,23;33,24
33,26;33,27
33,29
33,31;33,32
33,33;34,33
33,35;33,36
33,43;33,44
33,46
33,49;33,50
33,52;33,53
33,54;33,55
33,57;33,58
33,60;34,60
33,64
33,67;33,68
33,73
33,74;33,75
33,77;33,78
33,82
33,88
33,91;33,92
33,94;34,94
33,96;34,96
33,97;33,98
34,3;34,4
34,8;34,9
34,11
34,13;35,13
34,15;34,16
34,23
34,25
34,27;34,28
34,30;35,30
34,34;34,35
34,37
34,40
34,43;34,44
34,48
34,53;35,53
34,55
34,57;34,58
34,59;35,59
34,66;34,67
34,69;34,70
34,77;35,77
34,89;34,90
34,91;35,91
34,97;35,97
35,1
35,3;35,4
35,5;35,6
35,7;35,8
35,12;36,12
35,14;35,15
35,16;35,17
35,18;35,19
35,22
35,24
35,26;35,27
35,34;36,34
35,38;35,39
35,41
35,43
35,45
35,47;36,47
35,51
35,56;35,57
35,61;36,61
35,63
35,66;36,66
35,67;35,68
35,71;36,71
35,76
35,79;36,79
35,81;36,81
35,84
35,87;36,87
35,89;35,90
35,92;35,93
35,99;36,99
36,2
36,11;37,11
36,14;36,15
36,20;36,21
36,23
36,26;36,27
36,28
36,30
36,32
36,35;36,36
36,37
36,39
36,42;37,42
36,44
36,46
36,48;37,48
36,50
36,52;36,53
36,54
36,56;37,56
36,58;36,59
36,64;36,65
36,67;37,67
36,69;37,69
36,75;37,75
36,77
36,85;37,85
36,89;36,90
36,91
36,93;37,93
36,97;36,98
37,4;38,4
37,6;37,7
37,8;37,9
37,10
37,13
37,15;37,16
37,18
37,21;37,22
37,24;37,25
37,33;37,34
37,36;38,36
37,38;38,38
37,40
37,45;38,45
37,47
37,51;38,51
37,53;38,53
37,55;38,55
37,58;37,59
37,63;37,64
37,66;38,66
37,74
37,78;37,79
37,89;37,90
37,92;38,92
37,100
38,1;39,1
38,3;39,3
38,5;38,6
38,7;38,8
38,15;39,15
38,17;39,17
38,19;39,19
38,21;38,22
38,23;38,24
38,26
38,29;39,29
38,31;39,31
38,32;38,33
38,35;39,35
38,41;38,42
38,50
38,54
38,56;38,57
38,58;39,58
38,60;38,61
38,64
38,68;38,69
38,72;38,73
38,75;39,75
38,78;39,78
38,82
38,87
38,89;39,89
38,95;39,95
38,99
39,2;40,2
39,6;39,7
39,8;39,9
39,11;40,11
39,13;40,13
39,16
39,21;39,22
39,24;39,25
39,27
39,30;40,30
39,32
39,36;39,37
39,38;39,39
39,40;39,41
39,43;40,43
39,46;40,46
39,48;39,49
39,52;39,53
39,55;40,55
39,62;40,62
39,65;40,65
39,66;40,66
39,70;39,71
39,76;39,77
39,84;40,84
39,90;39,91
39,93;39,94
39,97;39,98
40,1;41,1
40,4
40,8;40,9
40,10;41,10
40,17;40,18
40,19;41,19
40,21;41,21
40,23;40,24
40,25;41,25
40,29;41,29
40,31;41,31
40,37
40,40;40,41
40,44;40,45
40,48;40,49
40,50
40,52;40,53
40,54
40,56
40,58;40,59
40,61;41,61
40,64;41,64
40,70;40,71
40,73
40,75;40,76
40,81;40,82
40,83;41,83
40,88;41,88
40,91
40,93;40,94
40,95;40,96
40,98;41,98
40,99;40,100
41,2;41,3
41,9;42,9
41,11;41,12
41,16;41,17
41,20
41,23;42,23
41,27;42,27
41,32;41,33
41,35;41,36
41,38;41,39
41,40;42,40
41,45;41,46
41,47
41,51
41,55;42,55
41,57
41,62
41,65;42,65
41,67
41,69;41,70
41,71;41,72
41,75;42,75
41,77;41,78
41,80;42,80
41,84;41,85
41,87;42,87
41,89;42,89
41,92
41,96;42,96
42,1;42,2
42,3;43,3
42,4;42,5
42,8
42,10
42,12;42,13
42,16;42,17
42,21;43,21
42,25;42,26
42,28;43,28
42,30;42,31
42,34;42,35
42,38;43,38
42,41;42,42
42,44
42,52;43,52
42,60;42,61
42,66;43,66
42,68
42,73;43,73
42,76;42,77
42,78;42,79
42,83;42,84
42,85;42,86
42,88
42,90;42,91
42,93;43,93
42,95;43,95
42,97;43,97
42,99;42,100
43,6
43,11;43,12
43,13;43,14
43,16;43,17
43,20
43,24;43,25
43,30
43,33;43,34
43,36;44,36
43,39;43,40
43,42;43,43
43,46;43,47
43,48;43,49
43,50;43,51
43,54;43,55
43,59;43,60
43,61;43,62
43,63
43,65;44,65
43,67;44,67
43,69;44,69
43,71;43,72
43,78;43,79
43,80;43,81
43,82;43,83
43,89;43,90
43,91;43,92
43,94;44,94
43,99
44,4
44,9;45,9
44,13;45,13
44,18;44,19
44,21
44,23;44,24
44,25;45,25
44,27
44,29
44,31;45,31
44,33;44,34
44,35
44,39
44,41;44,42
44,48;45,48
44,52;45,52
44,54
44,58;45,58
44,61;45,61
44,68;45,68
44,70;44,71
44,75
44,77;44,78
44,79
44,82;45,82
44,85;45,85
44,87
44,89;44,90
44,91;44,92
44,95;44,96
44,97;45,97
45,3
45,5
45,7;45,8
45,11
45,14;45,15
45,22;45,23
45,26;46,26
45,32;45,33
45,34
45,36;45,37
45,40;46,40
45,44;45,45
45,46;46,46
45,49
45,51;46,51
45,55;46,55
45,64
45,66;46,66
45,69;45,70
45,72;45,73
45,74;46,74
45,83
45,89;45,90
45,95;45,96
45,98;45,99
45,100;46,100
46,2;47,2
46,4
46,10
46,13;46,14
46,21;47,21
46,25
46,27;46,28
46,31
46,35;46,36
46,37;46,38
46,43
46,45;47,45
46,47;47,47
46,52;46,53
46,56
46,58;46,59
46,62;46,63
46,68;46,69
46,70;46,71
46,72;46,73
46,82
46,85;46,86
46,87;46,88
46,94;46,95
46,97;46,98
47,1;48,1
47,5
47,8;47,9
47,11
47,13
47,19;48,19
47,22;47,23
47,28;48,28
47,30;48,30
47,34;47,35
47,37;47,38
47,39
47,46;48,46
47,49;47,50
47,52
47,57;48,57
47,58;47,59
47,61;47,62
47,64
47,68;47,69
47,70;47,71
47,72;48,72
47,74
47,76;47,77
47,78;47,79
47,80;47,81
47,83
47,87;47,88
47,92;48,92
47,94;47,95
47,97
47,99;47,100
48,4;49,4
48,6
48,8;48,9
48,14;48,15
48,16;48,17
48,22;48,23
48,24
48,35;49,35
48,38
48,41
48,43;49,43
48,45;49,45
48,49;48,50
48,51;49,51
48,53;48,54
48,55;48,56
48,58;49,58
48,65
48,67;49,67
48,71;49,71
48,78;48,79
48,80;48,81
48,82
48,85;48,86
48,87;48,88
48,89;48,90
48,93;49,93
48,95;49,95
48,98
49,2;49,3
49,5
49,7;49,8
49,9
49,12;50,12
49,14;49,15
49,16
49,21
49,29
49,31;50,31
49,33;49,34
49,37
49,39
49,42;50,42
49,46;50,46
49,49
49,57;50,57
49,59;49,60
49,61;49,62
49,66
49,69;50,69
49,75
49,79
49,83
49,85
49,87;50,87
49,89;50,89
49,92;50,92
50,2;50,3
50,4
50,6;51,6
50,8;51,8
50,13;51,13
50,15
50,17;51,17
50,24
50,30;51,30
50,32
50,35;50,36
50,40;51,40
50,43;51,43
50,44;50,45
50,47;50,48
50,50
50,53;50,54
50,55;50,56
50,58;51,58
50,59;51,59
50,61
50,64
50,67;51,67
50,71;51,71
50,74
50,77;51,77
50,80;51,80
50,84
50,91;51,91
50,94
50,96;50,97
50,98;51,98
50,100
51,3
51,5;52,5
51,10;51,11
51,12;52,12
51,14;52,14
51,16
51,20;51,21
51,22;51,23
51,26;52,26
51,27;51,28
51,33;52,33
51,34;51,35
51,41;52,41
51,47
51,49
51,51;52,51
51,52;51,53
51,56;52,56
51,65
51,68;51,69
51,72
51,75;51,76
51,78
51,81;52,81
51,85;51,86
51,87;51,88
51,92;51,93
51,95;52,95
52,1;52,2
52,4
52,7;52,8
52,9
52,15
52,17;52,18
52,19;53,19
52,22
52,27;53,27
52,30;53,30
52,35;52,36
52,37;52,38
52,40
52,45;52,46
52,48;53,48
52,52;53,52
52,53;52,54
52,59
52,61;53,61
52,63;53,63
52,66;53,66
52,69;52,70
52,73;53,73
52,77
52,79
52,82;53,82
52,87
52,89;52,90
52,93
52,96
52,98;52,99
52,100;53,100
53,1;53,2
53,8;54,8
53,10
53,12
53,14
53,20;53,21
53,24;53,25
53,28;53,29
53,33;53,34
53,37;54,37
53,38;53,39
53,41;54,41
53,42;53,43
53,44;53,45
53,46;53,47
53,50
53,54;53,55
53,58;54,58
53,64;53,65
53,67;54,67
53,69;53,70
53,72;54,72
53,74;53,75
53,76
53,78;54,78
53,80;54,80
53,84;53,85
53,86;54,86
53,88;53,89
53,92;54,92
53,94;54,94
53,97;53,98
53,99;54,99
54,7
54,13;55,13
54,15;55,15
54,19;54,20
54,24;55,24
54,26
54,31;54,32
54,36;55,36
54,39;54,40
54,42;55,42
54,46
54,48
54,52;54,53
54,54;55,54
54,56;55,56
54,59;54,60
54,64
54,66
54,68;54,69
54,70;55,70
54,77
54,79;55,79
54,81
54,83;55,83
54,84;54,85
54,89
54,91;55,91
54,95
54,97;54,98
54,100;55,100
55,1;55,2
55,3;55,4
55,5;55,6
55,8;55,9
55,10;55,11
55,17;55,18
55,19;55,20
55,21;55,22
55,25;56,25
55,32;55,33
55,37
55,39;56,39
55,45;56,45
55,47
55,52;55,53
55,57;55,58
55,61;55,62
55,63;56,63
55,65
55,69;56,69
55,71;56,71
55,76;56,76
55,80;56,80
55,85;55,86
55,92;55,93
55,94;56,94
56,4;57,4
56,7
56,10;56,11
56,12
56,16;56,17
56,18;57,18
56,20
56,24
56,26;57,26
56,28;57,28
56,29;56,30
56,31;56,32
56,34;56,35
56,40;57,40
56,42
56,44;57,44
56,49;56,50
56,53;57,53
56,60;56,61
56,64
56,68
56,70;57,70
56,74;57,74
56,79;57,79
56,81;56,82
56,84;56,85
56,86;56,87
56,91;57,91
56,96
56,100
57,1;57,2
57,10;57,11
57,15
57,17
57,21;57,22
57,25;58,25
57,31;58,31
57,33;58,33
57,37
57,39
57,41;58,41
57,46;57,47
57,48;58,48
57,50;58,50
57,54
57,57;58,57
57,65;57,66
57,67;58,67
57,69
57,72;58,72
57,80;57,81
57,82
57,84;58,84
57,88;57,89
57,90;58,90
57,92;57,93
57,99
58,1
58,6;58,7
58,8
58,10
58,13;58,14
58,16
58,18
58,23;59,23
58,26;59,26
58,27;58,28
58,29;59,29
58,34;58,35
58,38;59,38
58,40;59,40
58,45
58,47;59,47
58,55
58,59;58,60
58,62;58,63
58,64;58,65
58,70;58,71
58,79;59,79
58,85;58,86
58,88;58,89
58,92;59,92
58,94;58,95
58,98;59,98
58,100
59,3;59,4
59,5;59,6
59,11;60,11
59,12;59,13
59,17;60,17
59,19
59,33;59,34
59,36;59,37
59,39
59,41;59,42
59,43;59,44
59,46
59,48;60,48
59,50
59,53;59,54
59,56
59,59;60,59
59,61;60,61
59,63;59,64
59,68;59,69
59,71;59,72
59,77;59,78
59,80;59,81
59,82;59,83
59,84;59,85
59,86;59,87
59,90;59,91
59,93;59,94
59,95
59,97
59,99;60,99
60,4;61,4
60,7
60,9;60,10
60,14;61,14
60,18;61,18
60,21;60,22
60,27;61,27
60,29;61,29
60,32
60,34;60,35
60,40;61,40
60,43
60,45
60,51
60,57;60,58
60,62
60,64;60,65
60,68;60,69
60,70
60,73
60,78;60,79
60,87;61,87
60,89;60,90
60,92;61,92
60,96;61,96
60,100
61,1
61,5;61,6
61,8;61,9
61,10;62,10
61,11;61,12
61,15;61,16
61,23;61,24
61,25;61,26
61,28
61,34
61,36;62,36
61,42;62,42
61,44;62,44
61,47
61,49;61,50
61,52;62,52
61,54
61,57;61,58
61,60
61,64;61,65
61,66;61,67
61,69;62,69
61,72
61,74;61,75
61,78
61,81;61,82
61,84;61,85
61,86
61,88;61,89
61,91;62,91
61,94
61,97
61,99
62,2;62,3
62,4
62,7
62,9;63,9
62,11
62,15;62,16
62,17;62,18
62,19;62,20
62,21
62,26
62,29;62,30
62,31;62,32
62,33
62,35
62,39;62,40
62,41
62,48;62,49
62,51;63,51
62,53
62,55;63,55
62,57
62,61;62,62
62,63
62,65;62,66
62,67;62,68
62,71
62,73;63,73
62,75;62,76
62,77;63,77
62,79
62,81;63,81
62,83;62,84
62,85
62,87;62,88
62,89;63,89
62,100
63,1;63,2
63,3
63,5;63,6
63,8
63,10;64,10
63,12;63,13
63,15;64,15
63,17;64,17
63,19;63,20
63,22;63,23
63,24;64,24
63,27;63,28
63,31;63,32
63,36;63,37
63,38
63,43;64,43
63,46
63,56
63,60
63,64
63,67
63,69;63,70
63,72;64,72
63,74
63,78
63,80;64,80
63,82;63,83
63,84
63,86;63,87
63,88
63,90
63,92;64,92
63,94;64,94
63,96;63,97
63,99;64,99
64,4;64,5
64,7;65,7
64,9;65,9
64,16;65,16
64,19;64,20
64,23;65,23
64,26;65,26
64,29;65,29
64,32;64,33
64,34;65,34
64,36;64,37
64,39;64,40
64,41;65,41
64,45
64,47;64,48
64,49
64,51;65,51
64,54
64,58;65,58
64,63;65,63
64,68
64,76;64,77
64,81;65,81
64,83;65,83
64,95;64,96
64,97;65,97
65,2;65,3
65,6
65,12;65,13
65,14
65,18;65,19
65,20;65,21
65,24;66,24
65,32;66,32
65,35;66,35
65,40;66,40
65,42
65,46;66,46
65,48;66,48
65,50
65,55;65,56
65,57;66,57
65,59;65,60
65,61;65,62
65,64;65,65
65,67;66,67
65,71
65,74;66,74
65,76;65,77
65,79
65,88;65,89
65,91;66,91
65,93;65,94
65,96;66,96
65,98;65,99
65,100
66,2;67,2
66,7;66,8
66,11;66,12
66,20
66,22
66,25;67,25
66,27
66,33;67,33
66,36;66,37
66,41
66,43;66,44
66,45;67,45
66,47;67,47
66,54;67,54
66,58
66,61;66,62
66,66;67,66
66,70;67,70
66,72;66,73
66,75;66,76
66,77;66,78
66,80;66,81
66,83;67,83
66,90;67,90
66,92
66,95;67,95
66,97
66,99
67,3;67,4
67,5;67,6
67,8;67,9
67,12;68,12
67,16
67,19
67,24
67,26;68,26
67,29;67,30
67,34;67,35
67,36;67,37
67,40;68,40
67,50
67,55;68,55
67,57;68,57
67,59;67,60
67,61
67,63;67,64
67,65;68,65
67,68;68,68
67,74;67,75
67,76;67,77
67,80;67,81
67,84
67,86;67,87
67,89;68,89
67,91
67,94;68,94
67,98
68,1
68,3;69,3
68,6;68,7
68,13;68,14
68,15
68,17;68,18
68,20
68,22;69,22
68,27;69,27
68,30
68,32;69,32
68,35;68,36
68,37;68,38
68,39
68,44;69,44
68,45;68,46
68,48;69,48
68,51
68,54
68,56;69,56
68,59;69,59
68,63;68,64
68,66;69,66
68,69;69,69
68,71
68,74;69,74
68,77;68,78
68,79;68,80
68,81
68,85;69,85
68,87;69,87
68,92;68,93
68,95;68,96
68,97
69,2
69,6;70,6
69,8;69,9
69,11
69,13;69,14
69,19;70,19
69,24;69,25
69,29;70,29
69,33;69,34
69,35;69,36
69,38
69,42
69,50
69,53
69,55
69,57;69,58
69,61;69,62
69,64;70,64
69,68;70,68
69,70
69,72;70,72
69,76;70,76
69,78;69,79
69,80
69,82;69,83
69,84
69,86
69,88;70,88
69,90;70,90
69,92;69,93
70,4;70,5
70,8;71,8
70,10
70,13;70,14
70,18;71,18
70,21;70,22
70,23;71,23
70,26;71,26
70,31;71,31
70,33;70,34
70,37
70,40
70,43;71,43
70,44;70,45
70,47;70,48
70,51
70,54
70,56;71,56
70,60;71,60
70,62;70,63
70,67
70,71;71,71
70,73;71,73
70,81;71,81
70,83
70,85
70,87
70,96;70,97
70,98
70,100;71,100
71,2;72,2
71,4;71,5
71,15;71,16
71,17
71,21;72,21
71,25
71,27;71,28
71,29;72,29
71,32;71,33
71,35;72,35
71,38;71,39
71,41
71,45;71,46
71,50;72,50
71,62;71,63
71,64;71,65
71,68;72,68
71,75;71,76
71,77;71,78
71,80;72,80
71,84;72,84
71,88;72,88
71,90;72,90
71,92;72,92
71,94
71,97;72,97
72,5;72,6
72,8
72,10
72,12;72,13
72,14;72,15
72,16
72,19;72,20
72,27;72,28
72,31
72,33;73,33
72,36;73,36
72,40
72,43;72,44
72,45;73,45
72,46;73,46
72,49
72,51;72,52
72,53;72,54
72,59;72,60
72,61;72,62
72,64
72,67
72,74;72,75
72,76;73,76
72,81;72,82
72,89;73,89
72,91
72,93
72,98;72,99
72,100;73,100
73,1;74,1
73,3;74,3
73,4;73,5
73,6;74,6
73,11;73,12
73,13
73,15;74,15
73,18
73,20;74,20
73,22;73,23
73,24;73,25
73,26;73,27
73,30
73,32;74,32
73,37;73,38
73,44;74,44
73,47;73,48
73,50
73,52;73,53
73,54;73,55
73,56;73,57
73,59;73,60
73,61;74,61
73,63
73,65
73,73;74,73
73,75;74,75
73,77;73,78
73,84;73,85
73,87;73,88
73,94;73,95
73,97;73,98
74,7;74,8
74,9;75,9
74,12
74,14
74,19
74,22;74,23
74,24;74,25
74,26;74,27
74,33;74,34
74,35;74,36
74,41;75,41
74,43
74,45;75,45
74,49;75,49
74,56;74,57
74,58;75,58
74,64
74,68;74,69
74,71;74,72
74,76;75,76
74,80;75,80
74,82;75,82
74,84;74,85
74,86;75,86
74,88;74,89
74,90
74,92;75,92
74,94;75,94
74,95;74,96
74,98;74,99
74,100
75,5;75,6
75,10;75,11
75,16;75,17
75,25
75,34
75,36
75,38;76,38
75,40;76,40
75,42;76,42
75,44
75,46;75,47
75,48;76,48
75,51;76,51
75,53;75,54
75,55;76,55
75,57
75,60;76,60
75,63
75,65;75,66
75,69;75,70
75,73
75,75
75,77;75,78
75,79;76,79
75,84;76,84
75,87;75,88
75,89
75,91
75,97
76,3;76,4
76,8;77,8
76,12;77,12
76,13;76,14
76,17;76,18
76,20;77,20
76,23;77,23
76,29;76,30
76,33;77,33
76,37
76,39
76,41;77,41
76,43
76,45;76,46
76,47
76,54;77,54
76,56;77,56
76,59;77,59
76,61;77,61
76,65
76,67;76,68
76,70;76,71
76,72;77,72
76,74
76,80
76,82;76,83
76,85;76,86
76,87;76,88
76,90;77,90
76,92;76,93
76,96
76,98;76,99
76,100
77,6
77,9;77,10
77,15;77,16
77,19;78,19
77,21
77,24;78,24
77,25;77,26
77,28;78,28
77,30
77,32
77,34
77,40;78,40
77,42;78,42
77,46
77,48;77,49
77,52;78,52
77,55
77,57;78,57
77,63
77,69;77,70
77,71;78,71
77,77;78,77
77,79
77,82;77,83
77,85
77,87;78,87
77,92;78,92
77,95;78,95
78,1;79,1
78,5;79,5
78,7;78,8
78,13;78,14
78,16
78,18
78,20;79,20
78,22;79,22
78,25;79,25
78,26;78,27
78,29
78,31;79,31
78,35;79,35
78,38
78,43;79,43
78,44;78,45
78,47
78,49;78,50
78,51;79,51
78,56;79,56
78,59;79,59
78,61;78,62
78,64;78,65
78,67;78,68
78,69
78,73;79,73
78,76;79,76
78,80
78,86
78,88;78,89
78,96;78,97
79,2;80,2
79,4
79,9;80,9
79,11
79,14;79,15
79,19
79,23;79,24
79,28;80,28
79,30;80,30
79,32;79,33
79,37;80,37
79,39;79,40
79,42;80,42
79,44;80,44
79,45;79,46
79,48;80,48
79,52
79,54;80,54
79,58;80,58
79,62;79,63
79,66
79,70;79,71
79,74;79,75
79,77;79,78
79,83;79,84
79,89;79,90
79,92;80,92
79,96
79,99;79,100
80,3;81,3
80,5;80,6
80,13
80,16
80,21
80,24;80,25
80,26;80,27
80,31;80,32
80,33
80,36
80,46;80,47
80,50
80,57
80,59;80,60
80,62;80,63
80,64;80,65
80,67;80,68
80,69;80,70
80,72
80,76;80,77
80,80;81,80
80,82;80,83
80,84;81,84
80,88;80,89
80,93;80,94
80,97;81,97
81,2
81,4;82,4
81,8;82,8
81,10;82,10
81,15;82,15
81,17;81,18
81,19
81,24;82,24
81,25;81,26
81,30;82,30
81,32;82,32
81,40;81,41
81,43;81,44
81,45;82,45
81,47;82,47
81,51;81,52
81,58
81,60;81,61
81,63
81,65
81,68;81,69
81,70;82,70
81,75;81,76
81,81;81,82
81,83
81,86;82,86
81,88;81,89
81,91;81,92
81,93;82,93
81,95;81,96
81,98;81,99
81,100
82,7
82,12;82,13
82,16
82,20;83,20
82,22
82,26;82,27
82,29
82,34;82,35
82,36;82,37
82,39;82,40
82,44;83,44
82,46;83,46
82,48;82,49
82,51;83,51
82,54;82,55
82,56
82,59;83,59
82,64;83,64
82,67;82,68
82,69;83,69
82,71;82,72
82,74
82,79;82,80
82,87
82,89;82,90
82,95;83,95
83,1;83,2
83,3
83,10;83,11
83,14
83,17;83,18
83,21;84,21
83,23;84,23
83,26;83,27
83,28
83,31;83,32
83,34;84,34
83,37;83,38
83,39;83,40
83,42
83,47;83,48
83,50;84,50
83,53;83,54
83,55;84,55
83,57
83,61;83,62
83,63;84,63
83,65;83,66
83,68
83,70
83,75;84,75
83,77;83,78
83,82
83,84;84,84
83,89;84,89
83,90;83,91
83,93;83,94
83,97;84,97
84,2;85,2
84,5;84,6
84,9;85,9
84,11;84,12
84,16;85,16
84,19;84,20
84,25;85,25
84,27
84,32;85,32
84,35;84,36
84,37
84,39;85,39
84,43;85,43
84,47
84,49;85,49
84,51;85,51
84,61;84,62
84,65;85,65
84,67;85,67
84,69
84,71;85,71
84,73
84,76;84,77
84,78;84,79
84,83;85,83
84,85;84,86
84,88;85,88
84,90;85,90
84,96
84,99;84,100
85,5;86,5
85,10;85,11
85,12;86,12
85,22
85,24
85,29;85,30
85,38
85,45;86,45
85,48;86,48
85,52;85,53
85,56;85,57
85,58
85,60;85,61
85,68
85,72;86,72
85,75;85,76
85,77;85,78
85,79;85,80
85,82;86,82
85,86
85,89;86,89
85,92;85,93
85,95
85,98;85,99
86,1
86,3;86,4
86,7;86,8
86,9
86,11;87,11
86,13;87,13
86,16;86,17
86,18;87,18
86,21;87,21
86,25;87,25
86,27;86,28
86,30;86,31
86,34
86,37
86,40;87,40
86,42;87,42
86,46;86,47
86,49;87,49
86,51
86,53
86,55
86,57
86,60;86,61
86,63
86,66;87,66
86,69
86,79;86,80
86,81
86,84;86,85
86,87;87,87
86,91
86,93;86,94
86,96;87,96
86,99;86,100
87,2
87,4;88,4
87,17
87,20
87,28;87,29
87,30;88,30
87,35;87,36
87,38
87,41
87,43;87,44
87,46;88,46
87,48
87,52;88,52
87,54
87,58;87,59
87,61;87,62
87,65;88,65
87,68
87,72;88,72
87,74
87,76;87,77
87,80
87,83;87,84
87,85;88,85
87,88;87,89
87,94;88,94
87,97;87,98
87,100;88,100
88,1
88,3;89,3
88,6;88,7
88,8;88,9
88,10;88,11
88,12;89,12
88,15;89,15
88,22
88,26;88,27
88,34;88,35
88,37
88,40
88,44;88,45
88,49;89,49
88,58;88,59
88,64
88,66;88,67
88,69
88,75
88,78;88,79
88,84;89,84
88,89;88,90
88,95;88,96
88,97
88,99;89,99
89,2
89,4;89,5
89,7
89,11
89,16;89,17
89,18;90,18
89,20;89,21
89,24;89,25
89,26;89,27
89,28;90,28
89,31;90,31
89,33
89,35;90,35
89,38
89,44;90,44
89,48;90,48
89,50;89,51
89,53;90,53
89,55;89,56
89,59;90,59
89,61
89,63
89,73;90,73
89,76;89,77
89,78;89,79
89,81;89,82
89,83
89,86
89,88;89,89
89,92
89,96
89,98
90,5;90,6
90,8;90,9
90,12;91,12
90,19;90,20
90,22;91,22
90,24
90,29;90,30
90,34
90,39;90,40
90,41;91,41
90,43;91,43
90,45;90,46
90,47;91,47
90,49
90,54;90,55
90,57
90,65;91,65
90,69
90,71;91,71
90,75;91,75
90,77;91,77
90,78;90,79
90,80;91,80
90,84;91,84
90,88;90,89
90,90;90,91
90,93;90,94
90,99
91,1;92,1
91,3
91,6;91,7
91,10;92,10
91,14
91,17;91,18
91,19;91,20
91,21
91,23;92,23
91,32;91,33
91,35;91,36
91,37;91,38
91,42;92,42
91,45;91,46
91,48
91,52;91,53
91,58
91,61;92,61
91,64
91,68
91,72;91,73
91,79;92,79
91,82
91,86;91,87
91,89;92,89
91,91;91,92
91,95
92,2
92,4
92,6;93,6
92,11;92,12
92,16;92,17
92,18;92,19
92,22
92,32
92,34
92,36;92,37
92,38;92,39
92,41;93,41
92,43;92,44
92,45;93,45
92,50
92,52;93,52
92,56;93,56
92,59;93,59
92,63;93,63
92,72
92,74;92,75
92,78;93,78
92,81;93,81
92,84;92,85
92,86;93,86
92,88
92,90;92,91
92,92;92,93
92,97;92,98
92,99;93,99
93,3;94,3
93,7
93,9;93,10
93,13;93,14
93,15;93,16
93,18;93,19
93,21;94,21
93,24;94,24
93,25;93,26
93,28;93,29
93,31
93,35;93,36
93,38
93,40
93,43;93,44
93,46;94,46
93,49
93,51;94,51
93,53
93,57;93,58
93,61;94,61
93,64;94,64
93,65;93,66
93,69;93,70
93,71
93,75
93,82;93,83
93,85
93,87;94,87
93,90;93,91
93,92
93,97;93,98
93,100;94,100
94,4;95,4
94,9;95,9
94,11;94,12
94,14
94,19;94,20
94,22;94,23
94,26;94,27
94,29;94,30
94,34;94,35
94,37;95,37
94,39
94,41
94,44;94,45
94,48
94,50;95,50
94,57;94,58
94,66;95,66
94,67;94,68
94,69;94,70
94,72;94,73
94,74
94,83;95,83
94,89;94,90
94,91;95,91
94,96;95,96
94,98;94,99
95,1
95,6
95,11
95,15;95,16
95,17;95,18
95,22
95,26;96,26
95,28
95,31;95,32
95,35;95,36
95,38;96,38
95,40
95,42;95,43
95,47;96,47
95,49;96,49
95,51;96,51
95,53
95,57;95,58
95,61;96,61
95,63;96,63
95,67;96,67
95,77
95,79
95,81;96,81
95,86;95,87
95,88
95,93;95,94
95,100;96,100
96,2;96,3
96,5;97,5
96,7;96,8
96,9
96,13;96,14
96,16;96,17
96,25
96,27
96,30;96,31
96,32;96,33
96,35;96,36
96,39
96,41;96,42
96,44;97,44
96,46;97,46
96,48;97,48
96,50;97,50
96,52
96,54;96,55
96,59
96,71;97,71
96,73;97,73
96,76;97,76
96,78
96,80;97,80
96,83
96,85;96,86
96,89;96,90
96,91;96,92
96,93;96,94
96,96
97,2;97,3
97,12;98,12
97,16
97,18;97,19
97,21;98,21
97,24
97,26;98,26
97,28;97,29
97,30;98,30
97,33;97,34
97,37;98,37
97,40;98,40
97,42
97,45
97,49
97,51
97,55
97,57;98,57
97,60;97,61
97,62;97,63
97,66;97,67
97,68;98,68
97,70
97,72;98,72
97,75;98,75
97,77
97,79;98,79
97,82
97,88
97,94;97,95
97,98;97,99
98,2;98,3
98,4;99,4
98,9;98,10
98,17;99,17
98,20;99,20
98,23
98,25
98,27;98,28
98,32;98,33
98,34;98,35
98,38;98,39
98,46;98,47
98,50;99,50
98,52;98,53
98,59;98,60
98,64;98,65
98,69
98,71
98,80;98,81
98,83
98,86;99,86
98,90;98,91
98,95;98,96
98,97;99,97
98,98;98,99
99,9;99,10
99,13;99,14
99,15;99,16
99,29;100,29
99,33;99,34
99,36;99,37
99,38
99,44
99,46
99,48;99,49
99,51;99,52
99,54;99,55
99,60;99,61
99,62;100,62
99,64;99,65
99,67
99,73;99,74
99,75;99,76
99,77;99,78
99,87;100,87
99,90;100,90
99,92;99,93
99,94;100,94
99,98;100,98
99,100
100,4
100,6;100,7
100,11
100,13;100,14
100,15
100,17
100,19
100,22;100,23
100,24;100,25
100,26;100,27
100,30
100,34;100,35
100,39
100,42
100,45
100,49
100,53;100,54
100,55;100,56
100,58
100,60;100,61
100,64;100,65
100,68;100,69
100,70
100,72
100,74
100,78
100,81;100,82
100,83;100,84
100,85
100,88;100,89
100,96;100,97
